sec_101_ap1                    2     R/M   WA5320i         219801A1BX8196E0010W
sec_102_ap1                    3     R/M   WA5320i         219801A1BX8196E00112
sec_103_ap1                    4     R/M   WA5320i         219801A1BX8196E000ZX
sec_104_ap1                    5     R/M   WA5320i         219801A1BX8196E0011L
sec_105_ap1                    6     R/M   WA5320i         219801A1BX8196E0011F
sec_201_ap1                    7     R/M   WA5320i         219801A1BX8196E001CT
sec_202_ap1                    8     R/M   WA5320i         219801A1BX8196E001CC
sec_203_ap1                    9     R/M   WA5320i         219801A1BX8196E001CX
sec_204_ap1                   10     R/M   WA5320i         219801A1BX8196E000ZL
sec_205_ap1                   11     R/M   WA5320i         219801A1BX8196E00120
sec_206_ap1                   12     R/M   WA5320i         219801A1BX8196E00196
sec_301_ap1                   13     R/M   WA5320i         219801A1BX8196E00119
sec_302_ap1                   14     R/M   WA5320i         219801A1BX8196E0011S
sec_401_ap1                   15     R/M   WA5320i         219801A1BX8196E001CG
sec_402_ap1                   16     R/M   WA5320i         219801A1BX8196E001CH
sec_501_ap1                   17     R/M   WA5320i         219801A1BX8196E00127
sec_502_ap1                   18     R/M   WA5320i         219801A1BX8196E00129
sec_503_ap1                   19     R/M   WA5320i         219801A1BX8196E0012J
sec_504_ap1                   20     R/M   WA5320i         219801A1BX8196E000TZ
sec_505_ap1                   21     R/M   WA5320i         219801A1BX8196E001CM
sec_506_ap1                   22     R/M   WA5320i         219801A1BX8196E0011M
sec_507_ap1                   23     R/M   WA5320i         219801A1BX8196E0011D
